This file contains any messages produced by compilers while
running configure, to aid debugging if configure makes a mistake.

configure:728: checking for a BSD compatible install
configure:781: checking whether build environment is sane
configure:838: checking whether make sets ${MAKE}
configure:884: checking for working aclocal-1.4
configure:897: checking for working autoconf
configure:910: checking for working automake-1.4
configure:923: checking for working autoheader
configure:936: checking for working makeinfo
configure:955: checking for strerror in -lcposix
configure:1001: checking for c++
configure:1033: checking whether the C++ compiler (c++  ) works
configure:1049: c++ -o conftest    conftest.C  1>&5
configure:1075: checking whether the C++ compiler (c++  ) is a cross-compiler
configure:1080: checking whether we are using GNU C++
configure:1108: checking whether c++ accepts -g
configure:1142: checking for gcc
configure:1255: checking whether the C compiler (gcc  ) works
configure:1271: gcc -o conftest    conftest.c  1>&5
configure:1297: checking whether the C compiler (gcc  ) is a cross-compiler
configure:1302: checking whether we are using GNU C
configure:1330: checking whether gcc accepts -g
configure:1365: checking for gcc option to accept ANSI C
configure:1442: checking how to run the C preprocessor
configure:1522: checking for ANSI C header files
configure:1637: checking for Cygwin environment
configure:1670: checking for mingw32 environment
configure:1774: checking host system type
configure:1795: checking build system type
configure:1824: checking for ld used by GCC
configure:1892: checking if the linker (/usr/bin/ld) is GNU ld
configure:1909: checking for /usr/bin/ld option to reload object files
configure:1921: checking for BSD-compatible nm
configure:1959: checking for a sed that does not truncate output
configure:2043: checking whether ln -s works
configure:2064: checking how to recognise dependent libraries
configure:2250: checking for object suffix
configure:2276: checking for executable suffix
configure:2317: checking command to parse /usr/bin/nm -B output
configure:2503: checking for dlfcn.h
configure:2682: checking for ranlib
configure:2749: checking for strip
configure:2851: gcc -c -g -O2  conftest.c 1>&5
configure:3006: checking for objdir
configure:3033: checking for gcc option to produce PIC
configure:3181: checking if gcc PIC flag       -fPIC works
configure:3247: checking if gcc static flag -static works
configure:3289: checking if gcc supports -c -o file.o
configure:3337: checking if gcc supports -c -o file.lo
configure:3405: checking if gcc supports -fno-rtti -fno-exceptions
configure:3418: gcc -c -g -O2 -fno-rtti -fno-exceptions -c conftest.c  conftest.c 1>&5
cc1: warning: "-fno-rtti" is valid for C++ but not for C/ObjC
cc1: warning: "-fno-rtti" is valid for C++ but not for C/ObjC
configure:3445: checking whether the linker (/usr/bin/ld) supports shared libraries
configure:4144: checking how to hardcode library paths into programs
configure:4172: checking whether stripping libraries is possible
configure:4186: checking dynamic linker characteristics
configure:4604: checking if libtool supports shared libraries
configure:4608: checking whether to build shared libraries
configure:4631: checking whether to build static libraries
configure:5167: checking whether -lc should be explicitly linked in
